execve("./mat_mult", ["./mat_mult"], 0xffffe615c550 /* 18 vars */) = 0
brk(NULL)                               = 0xaaab17a08000
faccessat(AT_FDCWD, "/etc/ld.so.preload", R_OK) = -1 ENOENT (No such file or directory)
openat(AT_FDCWD, "/etc/ld.so.cache", O_RDONLY|O_CLOEXEC) = 3
fstat(3, {st_mode=S_IFREG|0644, st_size=32529, ...}) = 0
mmap(NULL, 32529, PROT_READ, MAP_PRIVATE, 3, 0) = 0xffff87518000
close(3)                                = 0
openat(AT_FDCWD, "/usr/lib/libfred.so", O_RDONLY|O_CLOEXEC) = 3
read(3, "\177ELF\2\1\1\0\0\0\0\0\0\0\0\0\3\0\267\0\1\0\0\0\20\16\0\0\0\0\0\0"..., 832) = 832
fstat(3, {st_mode=S_IFREG|0644, st_size=51248, ...}) = 0
mmap(NULL, 8192, PROT_READ|PROT_WRITE, MAP_PRIVATE|MAP_ANONYMOUS, -1, 0) = 0xffff87516000
mmap(NULL, 77840, PROT_READ|PROT_EXEC, MAP_PRIVATE|MAP_DENYWRITE, 3, 0) = 0xffff874df000
mprotect(0xffff874e2000, 61440, PROT_NONE) = 0
mmap(0xffff874f1000, 8192, PROT_READ|PROT_WRITE, MAP_PRIVATE|MAP_FIXED|MAP_DENYWRITE, 3, 0x2000) = 0xffff874f1000
close(3)                                = 0
openat(AT_FDCWD, "/usr/lib/libstdc++.so.6", O_RDONLY|O_CLOEXEC) = 3
read(3, "\177ELF\2\1\1\3\0\0\0\0\0\0\0\0\3\0\267\0\1\0\0\0@\232\t\0\0\0\0\0"..., 832) = 832
fstat(3, {st_mode=S_IFREG|0755, st_size=1882600, ...}) = 0
mmap(NULL, 1958920, PROT_READ|PROT_EXEC, MAP_PRIVATE|MAP_DENYWRITE, 3, 0) = 0xffff87300000
mprotect(0xffff874be000, 65536, PROT_NONE) = 0
mmap(0xffff874ce000, 57344, PROT_READ|PROT_WRITE, MAP_PRIVATE|MAP_FIXED|MAP_DENYWRITE, 3, 0x1be000) = 0xffff874ce000
mmap(0xffff874dc000, 9224, PROT_READ|PROT_WRITE, MAP_PRIVATE|MAP_FIXED|MAP_ANONYMOUS, -1, 0) = 0xffff874dc000
close(3)                                = 0
openat(AT_FDCWD, "/lib/libm.so.6", O_RDONLY|O_CLOEXEC) = 3
read(3, "\177ELF\2\1\1\0\0\0\0\0\0\0\0\0\3\0\267\0\1\0\0\0\220\330\0\0\0\0\0\0"..., 832) = 832
fstat(3, {st_mode=S_IFREG|0755, st_size=628696, ...}) = 0
mmap(NULL, 692248, PROT_READ|PROT_EXEC, MAP_PRIVATE|MAP_DENYWRITE, 3, 0) = 0xffff87256000
mprotect(0xffff872ee000, 65536, PROT_NONE) = 0
mmap(0xffff872fe000, 8192, PROT_READ|PROT_WRITE, MAP_PRIVATE|MAP_FIXED|MAP_DENYWRITE, 3, 0x98000) = 0xffff872fe000
close(3)                                = 0
openat(AT_FDCWD, "/lib/libgcc_s.so.1", O_RDONLY|O_CLOEXEC) = 3
read(3, "\177ELF\2\1\1\0\0\0\0\0\0\0\0\0\3\0\267\0\1\0\0\0\0+\0\0\0\0\0\0"..., 832) = 832
fstat(3, {st_mode=S_IFREG|0644, st_size=83792, ...}) = 0
mmap(NULL, 148168, PROT_READ|PROT_EXEC, MAP_PRIVATE|MAP_DENYWRITE, 3, 0) = 0xffff87231000
mprotect(0xffff87244000, 65536, PROT_NONE) = 0
mmap(0xffff87254000, 8192, PROT_READ|PROT_WRITE, MAP_PRIVATE|MAP_FIXED|MAP_DENYWRITE, 3, 0x13000) = 0xffff87254000
close(3)                                = 0
openat(AT_FDCWD, "/lib/libc.so.6", O_RDONLY|O_CLOEXEC) = 3
read(3, "\177ELF\2\1\1\3\0\0\0\0\0\0\0\0\3\0\267\0\1\0\0\0\0E\2\0\0\0\0\0"..., 832) = 832
fstat(3, {st_mode=S_IFREG|0755, st_size=1413168, ...}) = 0
mmap(NULL, 1485928, PROT_READ|PROT_EXEC, MAP_PRIVATE|MAP_DENYWRITE, 3, 0) = 0xffff870c6000
mprotect(0xffff87219000, 61440, PROT_NONE) = 0
mmap(0xffff87228000, 24576, PROT_READ|PROT_WRITE, MAP_PRIVATE|MAP_FIXED|MAP_DENYWRITE, 3, 0x152000) = 0xffff87228000
mmap(0xffff8722e000, 11368, PROT_READ|PROT_WRITE, MAP_PRIVATE|MAP_FIXED|MAP_ANONYMOUS, -1, 0) = 0xffff8722e000
close(3)                                = 0
mmap(NULL, 8192, PROT_READ|PROT_WRITE, MAP_PRIVATE|MAP_ANONYMOUS, -1, 0) = 0xffff87514000
mprotect(0xffff87228000, 12288, PROT_READ) = 0
mprotect(0xffff87254000, 4096, PROT_READ) = 0
mprotect(0xffff872fe000, 4096, PROT_READ) = 0
mmap(NULL, 8192, PROT_READ|PROT_WRITE, MAP_PRIVATE|MAP_ANONYMOUS, -1, 0) = 0xffff870c4000
mprotect(0xffff874ce000, 53248, PROT_READ) = 0
mprotect(0xffff874f1000, 4096, PROT_READ) = 0
mprotect(0xaaaae6977000, 4096, PROT_READ) = 0
mprotect(0xffff87522000, 4096, PROT_READ) = 0
munmap(0xffff87518000, 32529)           = 0
brk(NULL)                               = 0xaaab17a08000
brk(0xaaab17a29000)                     = 0xaaab17a29000
fstat(1, {st_mode=S_IFREG|0644, st_size=3972, ...}) = 0
socket(AF_UNIX, SOCK_STREAM, 0)         = 3
connect(3, {sa_family=AF_UNIX, sun_path="/tmp/fred_sock"}, 16) = 0
write(3, "e\0\0\0\0\0\0\0", 8)          = 8
read(3, "\365\1\0\0\0\0\0\0", 8)        = 8
write(2, "fred_lib: connected to fred serv"..., 36fred_lib: connected to fred server!
) = 36
write(3, "\311\0\0\0d\0\0\0", 8)        = 8
read(3, "Y\2\0\0\3\0\0\0", 8)           = 8
read(3, "\0\0\0\0\0\0\0\0\0\0\0\0\0\0\0\0\0\0\2\0\0\0\0\0/dev/fre"..., 3144) = 3144
openat(AT_FDCWD, "/dev/fred/buff_97", O_RDWR) = 4
mmap(NULL, 131072, PROT_READ|PROT_WRITE, MAP_SHARED, 4, 0) = 0xffff870a4000
write(2, "buff: buffer mapped at addresses"..., 65buff: buffer mapped at addresses: 0xffff870a4000, length:131072 
) = 65
openat(AT_FDCWD, "/dev/fred/buff_98", O_RDWR) = 5
mmap(NULL, 131072, PROT_READ|PROT_WRITE, MAP_SHARED, 5, 0) = 0xffff87084000
write(2, "buff: buffer mapped at addresses"..., 65buff: buffer mapped at addresses: 0xffff87084000, length:131072 
) = 65
openat(AT_FDCWD, "/dev/fred/buff_99", O_RDWR) = 6
mmap(NULL, 131072, PROT_READ|PROT_WRITE, MAP_SHARED, 6, 0) = 0xffff87064000
write(2, "buff: buffer mapped at addresses"..., 65buff: buffer mapped at addresses: 0xffff87064000, length:131072 
) = 65
write(3, "-\1\0\0d\0\0\0", 8)           = 8
read(3, "\221\1\0\0\0\0\0\0", 8)        = 8
write(3, "-\1\0\0d\0\0\0", 8)           = 8
read(3, "\221\1\0\0\0\0\0\0", 8)        = 8
write(3, "-\1\0\0d\0\0\0", 8)           = 8
read(3, "\221\1\0\0\0\0\0\0", 8)        = 8
write(3, "-\1\0\0d\0\0\0", 8)           = 8
read(3, "\221\1\0\0\0\0\0\0", 8)        = 8
write(3, "-\1\0\0d\0\0\0", 8)           = 8
read(3, "\221\1\0\0\0\0\0\0", 8)        = 8
write(3, "-\1\0\0d\0\0\0", 8)           = 8
read(3, "\221\1\0\0\0\0\0\0", 8)        = 8
write(3, "-\1\0\0d\0\0\0", 8)           = 8
read(3, "\221\1\0\0\0\0\0\0", 8)        = 8
write(3, "-\1\0\0d\0\0\0", 8)           = 8
read(3, "\221\1\0\0\0\0\0\0", 8)        = 8
write(3, "-\1\0\0d\0\0\0", 8)           = 8
read(3, "\221\1\0\0\0\0\0\0", 8)        = 8
write(3, "-\1\0\0d\0\0\0", 8)           = 8
read(3, "\221\1\0\0\0\0\0\0", 8)        = 8
write(3, "-\1\0\0d\0\0\0", 8)           = 8
read(3, "\221\1\0\0\0\0\0\0", 8)        = 8
write(3, "-\1\0\0d\0\0\0", 8)           = 8
read(3, "\221\1\0\0\0\0\0\0", 8)        = 8
write(3, "-\1\0\0d\0\0\0", 8)           = 8
read(3, "\221\1\0\0\0\0\0\0", 8)        = 8
write(3, "-\1\0\0d\0\0\0", 8)           = 8
read(3, "\221\1\0\0\0\0\0\0", 8)        = 8
write(3, "-\1\0\0d\0\0\0", 8)           = 8
read(3, "\221\1\0\0\0\0\0\0", 8)        = 8
write(3, "-\1\0\0d\0\0\0", 8)           = 8
read(3, "\221\1\0\0\0\0\0\0", 8)        = 8
write(3, "-\1\0\0d\0\0\0", 8)           = 8
read(3, "\221\1\0\0\0\0\0\0", 8)        = 8
write(3, "-\1\0\0d\0\0\0", 8)           = 8
read(3, "\221\1\0\0\0\0\0\0", 8)        = 8
write(3, "-\1\0\0d\0\0\0", 8)           = 8
read(3, "\221\1\0\0\0\0\0\0", 8)        = 8
write(3, "-\1\0\0d\0\0\0", 8)           = 8
read(3, "\221\1\0\0\0\0\0\0", 8)        = 8
write(3, "-\1\0\0d\0\0\0", 8)           = 8
read(3, "\221\1\0\0\0\0\0\0", 8)        = 8
write(3, "-\1\0\0d\0\0\0", 8)           = 8
read(3, "\221\1\0\0\0\0\0\0", 8)        = 8
write(3, "-\1\0\0d\0\0\0", 8)           = 8
read(3, "\221\1\0\0\0\0\0\0", 8)        = 8
write(3, "-\1\0\0d\0\0\0", 8)           = 8
read(3, "\221\1\0\0\0\0\0\0", 8)        = 8
write(3, "-\1\0\0d\0\0\0", 8)           = 8
read(3, "\221\1\0\0\0\0\0\0", 8)        = 8
write(3, "-\1\0\0d\0\0\0", 8)           = 8
read(3, "\221\1\0\0\0\0\0\0", 8)        = 8
write(3, "-\1\0\0d\0\0\0", 8)           = 8
read(3, "\221\1\0\0\0\0\0\0", 8)        = 8
write(3, "-\1\0\0d\0\0\0", 8)           = 8
read(3, "\221\1\0\0\0\0\0\0", 8)        = 8
write(3, "-\1\0\0d\0\0\0", 8)           = 8
read(3, "\221\1\0\0\0\0\0\0", 8)        = 8
write(3, "-\1\0\0d\0\0\0", 8)           = 8
read(3, "\221\1\0\0\0\0\0\0", 8)        = 8
write(3, "-\1\0\0d\0\0\0", 8)           = 8
read(3, "\221\1\0\0\0\0\0\0", 8)        = 8
write(3, "-\1\0\0d\0\0\0", 8)           = 8
read(3, "\221\1\0\0\0\0\0\0", 8)        = 8
write(3, "-\1\0\0d\0\0\0", 8)           = 8
read(3, "\221\1\0\0\0\0\0\0", 8)        = 8
write(3, "-\1\0\0d\0\0\0", 8)           = 8
read(3, "\221\1\0\0\0\0\0\0", 8)        = 8
write(3, "-\1\0\0d\0\0\0", 8)           = 8
read(3, "\221\1\0\0\0\0\0\0", 8)        = 8
write(3, "-\1\0\0d\0\0\0", 8)           = 8
read(3, "\221\1\0\0\0\0\0\0", 8)        = 8
write(3, "-\1\0\0d\0\0\0", 8)           = 8
read(3, "\221\1\0\0\0\0\0\0", 8)        = 8
write(3, "-\1\0\0d\0\0\0", 8)           = 8
read(3, "\221\1\0\0\0\0\0\0", 8)        = 8
write(3, "-\1\0\0d\0\0\0", 8)           = 8
read(3, "\221\1\0\0\0\0\0\0", 8)        = 8
write(3, "-\1\0\0d\0\0\0", 8)           = 8
read(3, "\221\1\0\0\0\0\0\0", 8)        = 8
write(3, "-\1\0\0d\0\0\0", 8)           = 8
read(3, "\221\1\0\0\0\0\0\0", 8)        = 8
write(3, "-\1\0\0d\0\0\0", 8)           = 8
read(3, "\221\1\0\0\0\0\0\0", 8)        = 8
write(3, "-\1\0\0d\0\0\0", 8)           = 8
read(3, "\221\1\0\0\0\0\0\0", 8)        = 8
write(3, "-\1\0\0d\0\0\0", 8)           = 8
read(3, "\221\1\0\0\0\0\0\0", 8)        = 8
write(3, "-\1\0\0d\0\0\0", 8)           = 8
read(3, "\221\1\0\0\0\0\0\0", 8)        = 8
write(3, "-\1\0\0d\0\0\0", 8)           = 8
read(3, "\221\1\0\0\0\0\0\0", 8)        = 8
write(3, "-\1\0\0d\0\0\0", 8)           = 8
read(3, "\221\1\0\0\0\0\0\0", 8)        = 8
write(3, "-\1\0\0d\0\0\0", 8)           = 8
read(3, "\221\1\0\0\0\0\0\0", 8)        = 8
write(3, "-\1\0\0d\0\0\0", 8)           = 8
read(3, "\221\1\0\0\0\0\0\0", 8)        = 8
write(3, "-\1\0\0d\0\0\0", 8)           = 8
read(3, "\221\1\0\0\0\0\0\0", 8)        = 8
write(3, "-\1\0\0d\0\0\0", 8)           = 8
read(3, "\221\1\0\0\0\0\0\0", 8)        = 8
write(3, "-\1\0\0d\0\0\0", 8)           = 8
read(3, "\221\1\0\0\0\0\0\0", 8)        = 8
write(3, "-\1\0\0d\0\0\0", 8)           = 8
read(3, "\221\1\0\0\0\0\0\0", 8)        = 8
write(3, "-\1\0\0d\0\0\0", 8)           = 8
read(3, "\221\1\0\0\0\0\0\0", 8)        = 8
write(3, "-\1\0\0d\0\0\0", 8)           = 8
read(3, "\221\1\0\0\0\0\0\0", 8)        = 8
write(3, "-\1\0\0d\0\0\0", 8)           = 8
read(3, "\221\1\0\0\0\0\0\0", 8)        = 8
write(3, "-\1\0\0d\0\0\0", 8)           = 8
read(3, "\221\1\0\0\0\0\0\0", 8)        = 8
write(3, "-\1\0\0d\0\0\0", 8)           = 8
read(3, "\221\1\0\0\0\0\0\0", 8)        = 8
write(3, "-\1\0\0d\0\0\0", 8)           = 8
read(3, "\221\1\0\0\0\0\0\0", 8)        = 8
write(3, "-\1\0\0d\0\0\0", 8)           = 8
read(3, "\221\1\0\0\0\0\0\0", 8)        = 8
write(3, "-\1\0\0d\0\0\0", 8)           = 8
read(3, "\221\1\0\0\0\0\0\0", 8)        = 8
write(3, "-\1\0\0d\0\0\0", 8)           = 8
read(3, "\221\1\0\0\0\0\0\0", 8)        = 8
write(3, "-\1\0\0d\0\0\0", 8)           = 8
read(3, "\221\1\0\0\0\0\0\0", 8)        = 8
write(3, "-\1\0\0d\0\0\0", 8)           = 8
read(3, "\221\1\0\0\0\0\0\0", 8)        = 8
write(3, "-\1\0\0d\0\0\0", 8)           = 8
read(3, "\221\1\0\0\0\0\0\0", 8)        = 8
write(3, "-\1\0\0d\0\0\0", 8)           = 8
read(3, "\221\1\0\0\0\0\0\0", 8)        = 8
write(3, "-\1\0\0d\0\0\0", 8)           = 8
read(3, "\221\1\0\0\0\0\0\0", 8)        = 8
write(3, "-\1\0\0d\0\0\0", 8)           = 8
read(3, "\221\1\0\0\0\0\0\0", 8)        = 8
write(3, "-\1\0\0d\0\0\0", 8)           = 8
read(3, "\221\1\0\0\0\0\0\0", 8)        = 8
write(3, "-\1\0\0d\0\0\0", 8)           = 8
read(3, "\221\1\0\0\0\0\0\0", 8)        = 8
write(3, "-\1\0\0d\0\0\0", 8)           = 8
read(3, "\221\1\0\0\0\0\0\0", 8)        = 8
write(3, "-\1\0\0d\0\0\0", 8)           = 8
read(3, "\221\1\0\0\0\0\0\0", 8)        = 8
write(3, "-\1\0\0d\0\0\0", 8)           = 8
read(3, "\221\1\0\0\0\0\0\0", 8)        = 8
write(3, "-\1\0\0d\0\0\0", 8)           = 8
read(3, "\221\1\0\0\0\0\0\0", 8)        = 8
write(3, "-\1\0\0d\0\0\0", 8)           = 8
read(3, "\221\1\0\0\0\0\0\0", 8)        = 8
write(3, "-\1\0\0d\0\0\0", 8)           = 8
read(3, "\221\1\0\0\0\0\0\0", 8)        = 8
write(3, "-\1\0\0d\0\0\0", 8)           = 8
read(3, "\221\1\0\0\0\0\0\0", 8)        = 8
write(3, "-\1\0\0d\0\0\0", 8)           = 8
read(3, "\221\1\0\0\0\0\0\0", 8)        = 8
write(3, "-\1\0\0d\0\0\0", 8)           = 8
read(3, "\221\1\0\0\0\0\0\0", 8)        = 8
write(3, "-\1\0\0d\0\0\0", 8)           = 8
read(3, "\221\1\0\0\0\0\0\0", 8)        = 8
write(3, "-\1\0\0d\0\0\0", 8)           = 8
read(3, "\221\1\0\0\0\0\0\0", 8)        = 8
write(3, "-\1\0\0d\0\0\0", 8)           = 8
read(3, "\221\1\0\0\0\0\0\0", 8)        = 8
write(3, "-\1\0\0d\0\0\0", 8)           = 8
read(3, "\221\1\0\0\0\0\0\0", 8)        = 8
write(3, "-\1\0\0d\0\0\0", 8)           = 8
read(3, "\221\1\0\0\0\0\0\0", 8)        = 8
write(3, "-\1\0\0d\0\0\0", 8)           = 8
read(3, "\221\1\0\0\0\0\0\0", 8)        = 8
write(3, "-\1\0\0d\0\0\0", 8)           = 8
read(3, "\221\1\0\0\0\0\0\0", 8)        = 8
write(3, "-\1\0\0d\0\0\0", 8)           = 8
read(3, "\221\1\0\0\0\0\0\0", 8)        = 8
write(3, "-\1\0\0d\0\0\0", 8)           = 8
read(3, "\221\1\0\0\0\0\0\0", 8)        = 8
write(3, "-\1\0\0d\0\0\0", 8)           = 8
read(3, "\221\1\0\0\0\0\0\0", 8)        = 8
write(3, "-\1\0\0d\0\0\0", 8)           = 8
read(3, "\221\1\0\0\0\0\0\0", 8)        = 8
write(3, "-\1\0\0d\0\0\0", 8)           = 8
read(3, "\221\1\0\0\0\0\0\0", 8)        = 8
write(3, "-\1\0\0d\0\0\0", 8)           = 8
read(3, "\221\1\0\0\0\0\0\0", 8)        = 8
write(3, "-\1\0\0d\0\0\0", 8)           = 8
read(3, "\221\1\0\0\0\0\0\0", 8)        = 8
write(3, "-\1\0\0d\0\0\0", 8)           = 8
read(3, "\221\1\0\0\0\0\0\0", 8)        = 8
write(3, "-\1\0\0d\0\0\0", 8)           = 8
read(3, "\221\1\0\0\0\0\0\0", 8)        = 8
write(3, "-\1\0\0d\0\0\0", 8)           = 8
read(3, "\221\1\0\0\0\0\0\0", 8)        = 8
write(3, "-\1\0\0d\0\0\0", 8)           = 8
read(3, "\221\1\0\0\0\0\0\0", 8)        = 8
write(3, "-\1\0\0d\0\0\0", 8)           = 8
read(3, "\221\1\0\0\0\0\0\0", 8)        = 8
write(3, "-\1\0\0d\0\0\0", 8)           = 8
read(3, "\221\1\0\0\0\0\0\0", 8)        = 8
write(3, "-\1\0\0d\0\0\0", 8)           = 8
read(3, "\221\1\0\0\0\0\0\0", 8)        = 8
munmap(0xffff870a4000, 131072)          = 0
close(4)                                = 0
munmap(0xffff87084000, 131072)          = 0
close(5)                                = 0
munmap(0xffff87064000, 131072)          = 0
close(6)                                = 0
close(3)                                = 0
write(1, " starting Matrix Multiplication["..., 3456 starting Matrix Multiplication[128][128]
Time taken by FRED is : 00.043385
Time taken by FRED is : 00.004407
Time taken by FRED is : 00.004405
Time taken by FRED is : 00.004387
Time taken by FRED is : 00.004392
Time taken by FRED is : 00.004386
Time taken by FRED is : 00.004387
Time taken by FRED is : 00.004402
Time taken by FRED is : 00.004384
Time taken by FRED is : 00.004397
Time taken by FRED is : 00.004429
Time taken by FRED is : 00.004388
Time taken by FRED is : 00.004399
Time taken by FRED is : 00.004387
Time taken by FRED is : 00.004404
Time taken by FRED is : 00.004390
Time taken by FRED is : 00.004386
Time taken by FRED is : 00.004400
Time taken by FRED is : 00.004385
Time taken by FRED is : 00.004395
Time taken by FRED is : 00.004421
Time taken by FRED is : 00.004387
Time taken by FRED is : 00.004403
Time taken by FRED is : 00.004386
Time taken by FRED is : 00.004392
Time taken by FRED is : 00.004386
Time taken by FRED is : 00.004385
Time taken by FRED is : 00.004406
Time taken by FRED is : 00.004386
Time taken by FRED is : 00.004394
Time taken by FRED is : 00.004390
Time taken by FRED is : 00.004387
Time taken by FRED is : 00.004385
Time taken by FRED is : 00.004410
Time taken by FRED is : 00.004398
Time taken by FRED is : 00.004392
Time taken by FRED is : 00.004384
Time taken by FRED is : 00.004386
Time taken by FRED is : 00.004385
Time taken by FRED is : 00.004394
Time taken by FRED is : 00.004391
Time taken by FRED is : 00.004382
Time taken by FRED is : 00.004409
Time taken by FRED is : 00.004386
Time taken by FRED is : 00.004395
Time taken by FRED is : 00.004398
Time taken by FRED is : 00.004383
Time taken by FRED is : 00.004386
Time taken by FRED is : 00.004383
Time taken by FRED is : 00.004383
Time taken by FRED is : 00.004405
Time taken by FRED is : 00.004383
Time taken by FRED is : 00.004407
Time taken by FRED is : 00.004385
Time taken by FRED is : 00.004384
Time taken by FRED is : 00.004408
Time taken by FRED is : 00.004383
Time taken by FRED is : 00.004382
Time taken by FRED is : 00.004383
Time taken by FRED is : 00.004383
Time taken by FRED is : 00.004397
Time taken by FRED is : 00.004386
Time taken by FRED is : 00.004391
Time taken by FRED is : 00.004407
Time taken by FRED is : 00.004384
Time taken by FRED is : 00.004398
Time taken by FRED is : 00.004384
Time taken by FRED is : 00.004394
Time taken by FRED is : 00.004386
Time taken by FRED is : 00.004385
Time taken by FRED is : 00.004387
Time taken by FRED is : 00.004387
Time taken by FRED is : 00.004393
Time taken by FRED is : 00.004391
Time taken by FRED is : 00.004402
Time taken by FRED is : 00.004386
Time taken by FRED is : 00.004387
Time taken by FRED is : 00.004398
Time taken by FRED is : 00.004392
Time taken by FRED is : 00.004385
Time taken by FRED is : 00.004411
Time taken by FRED is : 00.004383
Time taken by FRED is : 00.004396
Time taken by FRED is : 00.004395
Time taken by FRED is : 00.004387
Time taken by FRED is : 00.004384
Time taken by FRED is : 00.004381
Time taken by FRED is : 00.004385
Time taken by FRED is : 00.004409
Time taken by FRED is : 00.004387
Time taken by FRED is : 00.004382
Time taken by FRED is : 00.004385
Time taken by FRED is : 00.004383
Time taken by FRED is : 00.004403
Time taken by FRED is : 00.004383
Time taken by FRED is : 00.004409
Time taken by FRED is : 00.004383
Time taken by FRED is : 00.004384
Time taken by FRED is : 00.004401
Time taken by FRED is : 00.004387
Fred finished
) = 3456
exit_group(0)                           = ?
+++ exited with 0 +++
